<?xml version="1.0" encoding="UTF-8"?>
<!-- Generated by org.testng.reporters.JUnitReportReporter -->
<testsuite hostname="IBM-PF3DZ8GN" failures="0" tests="2" name="ExtentDemo.ExtentDemo.ReadingDataFromExcel" time="14.692" errors="0" timestamp="2022-07-12T15:37:17 IST" skipped="0">
  <testcase classname="ExtentDemo.ExtentDemo.ReadingDataFromExcel" name="loginTest" time="7.920"/>
  <system-out/>
  <testcase classname="ExtentDemo.ExtentDemo.ReadingDataFromExcel" name="loginTest" time="6.772"/>
  <system-out/>
</testsuite> <!-- ExtentDemo.ExtentDemo.ReadingDataFromExcel -->
